{"/Volumes/WORK/Project/Test/V7/2048+/frontend/plus2048/src/assets/bricks.jpg": {"path":"/Volumes/WORK/Project/Test/V7/2048+/frontend/plus2048/src/assets/bricks.jpg","statementMap":{"0":{"start":{"line":1,"column":0},"end":{"line":1,"column":19}}},"fnMap":{},"branchMap":{},"s":{"0":4},"f":{},"b":{},"_coverageSchema":"43e27e138ebf9cfc5966b082cf9a028302ed4184","hash":"31cd8f143f3503e4bee9cba321b32d48bbf2183d"}
,"/Volumes/WORK/Project/Test/V7/2048+/frontend/plus2048/src/components/Board.vue": {"path":"/Volumes/WORK/Project/Test/V7/2048+/frontend/plus2048/src/components/Board.vue","statementMap":{"0":{"start":{"line":17,"column":0},"end":{"line":17,"column":null}},"1":{"start":{"line":18,"column":0},"end":{"line":18,"column":null}},"2":{"start":{"line":19,"column":0},"end":{"line":19,"column":null}},"3":{"start":{"line":21,"column":0},"end":{"line":21,"column":null}},"4":{"start":{"line":22,"column":0},"end":{"line":22,"column":null}},"5":{"start":{"line":23,"column":0},"end":{"line":23,"column":null}},"6":{"start":{"line":24,"column":0},"end":{"line":24,"column":null}},"7":{"start":{"line":26,"column":0},"end":{"line":34,"column":null}},"8":{"start":{"line":36,"column":0},"end":{"line":36,"column":null}},"9":{"start":{"line":44,"column":0},"end":{"line":44,"column":null}},"10":{"start":{"line":49,"column":0},"end":{"line":49,"column":null}},"11":{"start":{"line":50,"column":0},"end":{"line":61,"column":null}},"12":{"start":{"line":50,"column":0},"end":{"line":50,"column":null}},"13":{"start":{"line":51,"column":0},"end":{"line":51,"column":null}},"14":{"start":{"line":52,"column":0},"end":{"line":60,"column":null}},"15":{"start":{"line":52,"column":0},"end":{"line":52,"column":null}},"16":{"start":{"line":53,"column":0},"end":{"line":59,"column":null}},"17":{"start":{"line":54,"column":0},"end":{"line":54,"column":null}},"18":{"start":{"line":62,"column":0},"end":{"line":62,"column":null}}},"fnMap":{"0":{"name":"(anonymous_1)","decl":{"start":{"line":36,"column":0},"end":{"line":36,"column":null}},"loc":{"start":{"line":36,"column":0},"end":{"line":36,"column":null}}},"1":{"name":"(anonymous_3)","decl":{"start":{"line":44,"column":0},"end":{"line":44,"column":null}},"loc":{"start":{"line":44,"column":0},"end":{"line":44,"column":null}}},"2":{"name":"(anonymous_4)","decl":{"start":{"line":48,"column":0},"end":{"line":48,"column":null}},"loc":{"start":{"line":48,"column":0},"end":{"line":63,"column":null}}}},"branchMap":{"0":{"loc":{"start":{"line":53,"column":0},"end":{"line":59,"column":null}},"type":"if","locations":[{"start":{"line":53,"column":0},"end":{"line":59,"column":null}},{"start":{"line":53,"column":0},"end":{"line":59,"column":null}}]}},"s":{"0":3,"1":3,"2":3,"3":3,"4":3,"5":3,"6":3,"7":3,"8":2,"9":3,"10":1,"11":1,"12":1,"13":6,"14":6,"15":6,"16":36,"17":15,"18":1},"f":{"0":2,"1":1,"2":1},"b":{"0":[15,21]}}
,"/Volumes/WORK/Project/Test/V7/2048+/frontend/plus2048/src/components/Button.vue": {"path":"/Volumes/WORK/Project/Test/V7/2048+/frontend/plus2048/src/components/Button.vue","statementMap":{"0":{"start":{"line":8,"column":0},"end":{"line":8,"column":null}},"1":{"start":{"line":9,"column":0},"end":{"line":9,"column":null}},"2":{"start":{"line":10,"column":0},"end":{"line":10,"column":null}},"3":{"start":{"line":12,"column":0},"end":{"line":50,"column":null}},"4":{"start":{"line":57,"column":0},"end":{"line":57,"column":null}}},"fnMap":{"0":{"name":"(anonymous_1)","decl":{"start":{"line":57,"column":0},"end":{"line":57,"column":null}},"loc":{"start":{"line":57,"column":0},"end":{"line":57,"column":null}}}},"branchMap":{},"s":{"0":5,"1":5,"2":5,"3":5,"4":4},"f":{"0":2},"b":{}}
,"/Volumes/WORK/Project/Test/V7/2048+/frontend/plus2048/src/components/Cell.vue": {"path":"/Volumes/WORK/Project/Test/V7/2048+/frontend/plus2048/src/components/Cell.vue","statementMap":{"0":{"start":{"line":6,"column":0},"end":{"line":6,"column":null}},"1":{"start":{"line":7,"column":0},"end":{"line":7,"column":null}},"2":{"start":{"line":8,"column":0},"end":{"line":8,"column":null}},"3":{"start":{"line":10,"column":0},"end":{"line":23,"column":null}}},"fnMap":{},"branchMap":{"0":{"loc":{"start":{"line":25,"column":0},"end":{"line":25,"column":null}},"type":"binary-expr","locations":[{"start":{"line":25,"column":0},"end":{"line":25,"column":null}},{"start":{"line":25,"column":0},"end":{"line":25,"column":null}}]}},"s":{"0":4,"1":4,"2":4,"3":4},"f":{},"b":{"0":[4,0]}}
,"/Volumes/WORK/Project/Test/V7/2048+/frontend/plus2048/src/components/GameMessage.vue": {"path":"/Volumes/WORK/Project/Test/V7/2048+/frontend/plus2048/src/components/GameMessage.vue","statementMap":{"0":{"start":{"line":11,"column":0},"end":{"line":11,"column":null}},"1":{"start":{"line":12,"column":0},"end":{"line":12,"column":null}},"2":{"start":{"line":13,"column":0},"end":{"line":13,"column":null}},"3":{"start":{"line":14,"column":0},"end":{"line":14,"column":null}},"4":{"start":{"line":16,"column":0},"end":{"line":41,"column":null}},"5":{"start":{"line":49,"column":0},"end":{"line":49,"column":null}},"6":{"start":{"line":52,"column":0},"end":{"line":52,"column":null}}},"fnMap":{"0":{"name":"(anonymous_1)","decl":{"start":{"line":49,"column":0},"end":{"line":49,"column":null}},"loc":{"start":{"line":49,"column":0},"end":{"line":49,"column":null}}},"1":{"name":"(anonymous_2)","decl":{"start":{"line":51,"column":0},"end":{"line":51,"column":null}},"loc":{"start":{"line":51,"column":0},"end":{"line":53,"column":null}}}},"branchMap":{},"s":{"0":4,"1":4,"2":4,"3":4,"4":4,"5":2,"6":0},"f":{"0":1,"1":0},"b":{}}
,"/Volumes/WORK/Project/Test/V7/2048+/frontend/plus2048/src/components/Message.vue": {"path":"/Volumes/WORK/Project/Test/V7/2048+/frontend/plus2048/src/components/Message.vue","statementMap":{"0":{"start":{"line":20,"column":0},"end":{"line":20,"column":null}},"1":{"start":{"line":21,"column":0},"end":{"line":21,"column":null}},"2":{"start":{"line":22,"column":0},"end":{"line":22,"column":null}},"3":{"start":{"line":23,"column":0},"end":{"line":23,"column":null}},"4":{"start":{"line":25,"column":0},"end":{"line":25,"column":null}},"5":{"start":{"line":29,"column":0},"end":{"line":32,"column":null}},"6":{"start":{"line":30,"column":0},"end":{"line":30,"column":null}},"7":{"start":{"line":33,"column":0},"end":{"line":43,"column":null}},"8":{"start":{"line":35,"column":0},"end":{"line":35,"column":null}},"9":{"start":{"line":45,"column":0},"end":{"line":48,"column":null}},"10":{"start":{"line":49,"column":0},"end":{"line":49,"column":null}},"11":{"start":{"line":56,"column":0},"end":{"line":56,"column":null}}},"fnMap":{"0":{"name":"(anonymous_1)","decl":{"start":{"line":30,"column":0},"end":{"line":30,"column":null}},"loc":{"start":{"line":30,"column":0},"end":{"line":30,"column":null}}},"1":{"name":"(anonymous_2)","decl":{"start":{"line":35,"column":0},"end":{"line":35,"column":null}},"loc":{"start":{"line":35,"column":0},"end":{"line":35,"column":null}}},"2":{"name":"(anonymous_3)","decl":{"start":{"line":49,"column":0},"end":{"line":49,"column":null}},"loc":{"start":{"line":49,"column":0},"end":{"line":49,"column":null}}},"3":{"name":"(anonymous_4)","decl":{"start":{"line":56,"column":0},"end":{"line":56,"column":null}},"loc":{"start":{"line":56,"column":0},"end":{"line":56,"column":null}}}},"branchMap":{"0":{"loc":{"start":{"line":30,"column":0},"end":{"line":30,"column":null}},"type":"cond-expr","locations":[{"start":{"line":30,"column":0},"end":{"line":30,"column":null}},{"start":{"line":30,"column":0},"end":{"line":30,"column":null}}]},"1":{"loc":{"start":{"line":35,"column":0},"end":{"line":35,"column":null}},"type":"cond-expr","locations":[{"start":{"line":35,"column":0},"end":{"line":35,"column":null}},{"start":{"line":35,"column":0},"end":{"line":35,"column":null}}]}},"s":{"0":3,"1":3,"2":3,"3":3,"4":3,"5":3,"6":0,"7":3,"8":0,"9":3,"10":0,"11":3},"f":{"0":0,"1":0,"2":0,"3":1},"b":{"0":[0,0],"1":[0,0]}}
,"/Volumes/WORK/Project/Test/V7/2048+/frontend/plus2048/src/components/Score.vue": {"path":"/Volumes/WORK/Project/Test/V7/2048+/frontend/plus2048/src/components/Score.vue","statementMap":{"0":{"start":{"line":8,"column":0},"end":{"line":8,"column":null}},"1":{"start":{"line":9,"column":0},"end":{"line":9,"column":null}},"2":{"start":{"line":10,"column":0},"end":{"line":10,"column":null}},"3":{"start":{"line":12,"column":0},"end":{"line":40,"column":null}}},"fnMap":{},"branchMap":{"0":{"loc":{"start":{"line":42,"column":0},"end":{"line":42,"column":null}},"type":"binary-expr","locations":[{"start":{"line":42,"column":0},"end":{"line":42,"column":null}},{"start":{"line":42,"column":0},"end":{"line":42,"column":null}}]}},"s":{"0":3,"1":3,"2":3,"3":3},"f":{},"b":{"0":[3,0]}}
,"/Volumes/WORK/Project/Test/V7/2048+/frontend/plus2048/src/components/Tile.vue": {"path":"/Volumes/WORK/Project/Test/V7/2048+/frontend/plus2048/src/components/Tile.vue","statementMap":{"0":{"start":{"line":8,"column":0},"end":{"line":8,"column":null}},"1":{"start":{"line":9,"column":0},"end":{"line":9,"column":null}},"2":{"start":{"line":10,"column":0},"end":{"line":10,"column":null}},"3":{"start":{"line":12,"column":0},"end":{"line":12,"column":null}},"4":{"start":{"line":14,"column":0},"end":{"line":47,"column":null}},"5":{"start":{"line":15,"column":0},"end":{"line":15,"column":null}},"6":{"start":{"line":17,"column":0},"end":{"line":17,"column":null}},"7":{"start":{"line":19,"column":0},"end":{"line":19,"column":null}},"8":{"start":{"line":21,"column":0},"end":{"line":21,"column":null}},"9":{"start":{"line":23,"column":0},"end":{"line":23,"column":null}},"10":{"start":{"line":25,"column":0},"end":{"line":25,"column":null}},"11":{"start":{"line":27,"column":0},"end":{"line":27,"column":null}},"12":{"start":{"line":29,"column":0},"end":{"line":29,"column":null}},"13":{"start":{"line":31,"column":0},"end":{"line":31,"column":null}},"14":{"start":{"line":33,"column":0},"end":{"line":33,"column":null}},"15":{"start":{"line":35,"column":0},"end":{"line":35,"column":null}},"16":{"start":{"line":37,"column":0},"end":{"line":37,"column":null}},"17":{"start":{"line":39,"column":0},"end":{"line":39,"column":null}},"18":{"start":{"line":41,"column":0},"end":{"line":41,"column":null}},"19":{"start":{"line":43,"column":0},"end":{"line":43,"column":null}},"20":{"start":{"line":45,"column":0},"end":{"line":45,"column":null}},"21":{"start":{"line":49,"column":0},"end":{"line":49,"column":null}},"22":{"start":{"line":52,"column":0},"end":{"line":71,"column":null}},"23":{"start":{"line":68,"column":0},"end":{"line":68,"column":null}},"24":{"start":{"line":69,"column":0},"end":{"line":69,"column":null}},"25":{"start":{"line":70,"column":0},"end":{"line":70,"column":null}},"26":{"start":{"line":77,"column":0},"end":{"line":77,"column":null}}},"fnMap":{"0":{"name":"(anonymous_1)","decl":{"start":{"line":14,"column":0},"end":{"line":14,"column":null}},"loc":{"start":{"line":14,"column":0},"end":{"line":47,"column":null}}},"1":{"name":"(anonymous_2)","decl":{"start":{"line":68,"column":0},"end":{"line":68,"column":null}},"loc":{"start":{"line":68,"column":0},"end":{"line":68,"column":null}}},"2":{"name":"(anonymous_3)","decl":{"start":{"line":69,"column":0},"end":{"line":69,"column":null}},"loc":{"start":{"line":69,"column":0},"end":{"line":69,"column":null}}},"3":{"name":"(anonymous_4)","decl":{"start":{"line":70,"column":0},"end":{"line":70,"column":null}},"loc":{"start":{"line":70,"column":0},"end":{"line":70,"column":null}}},"4":{"name":"(anonymous_5)","decl":{"start":{"line":77,"column":0},"end":{"line":77,"column":null}},"loc":{"start":{"line":77,"column":0},"end":{"line":77,"column":null}}}},"branchMap":{"0":{"loc":{"start":{"line":16,"column":0},"end":{"line":17,"column":null}},"type":"switch","locations":[{"start":{"line":16,"column":0},"end":{"line":17,"column":null}},{"start":{"line":18,"column":0},"end":{"line":19,"column":null}},{"start":{"line":20,"column":0},"end":{"line":21,"column":null}},{"start":{"line":22,"column":0},"end":{"line":23,"column":null}},{"start":{"line":24,"column":0},"end":{"line":25,"column":null}},{"start":{"line":26,"column":0},"end":{"line":27,"column":null}},{"start":{"line":28,"column":0},"end":{"line":29,"column":null}},{"start":{"line":30,"column":0},"end":{"line":31,"column":null}},{"start":{"line":32,"column":0},"end":{"line":33,"column":null}},{"start":{"line":34,"column":0},"end":{"line":35,"column":null}},{"start":{"line":36,"column":0},"end":{"line":37,"column":null}},{"start":{"line":38,"column":0},"end":{"line":39,"column":null}},{"start":{"line":40,"column":0},"end":{"line":41,"column":null}},{"start":{"line":42,"column":0},"end":{"line":43,"column":null}},{"start":{"line":44,"column":0},"end":{"line":45,"column":null}}]}},"s":{"0":4,"1":4,"2":4,"3":4,"4":4,"5":0,"6":0,"7":0,"8":0,"9":0,"10":0,"11":0,"12":0,"13":0,"14":0,"15":0,"16":0,"17":0,"18":0,"19":0,"20":0,"21":4,"22":4,"23":0,"24":0,"25":0,"26":2},"f":{"0":0,"1":0,"2":0,"3":0,"4":1},"b":{"0":[0,0,0,0,0,0,0,0,0,0,0,0,0,0,0]}}
,"/Volumes/WORK/Project/Test/V7/2048+/frontend/plus2048/src/util/contants.js": {"path":"/Volumes/WORK/Project/Test/V7/2048+/frontend/plus2048/src/util/contants.js","statementMap":{"0":{"start":{"line":1,"column":25},"end":{"line":4,"column":1}},"1":{"start":{"line":6,"column":26},"end":{"line":11,"column":1}},"2":{"start":{"line":13,"column":23},"end":{"line":16,"column":1}}},"fnMap":{},"branchMap":{},"s":{"0":3,"1":3,"2":3},"f":{},"b":{},"_coverageSchema":"43e27e138ebf9cfc5966b082cf9a028302ed4184","hash":"3d287f388ef76e2606277b752203bbcb5a10506f"}
,"/Volumes/WORK/Project/Test/V7/2048+/frontend/plus2048/src/views/Chat.vue": {"path":"/Volumes/WORK/Project/Test/V7/2048+/frontend/plus2048/src/views/Chat.vue","statementMap":{"0":{"start":{"line":22,"column":0},"end":{"line":22,"column":null}},"1":{"start":{"line":23,"column":0},"end":{"line":23,"column":null}},"2":{"start":{"line":24,"column":0},"end":{"line":24,"column":null}},"3":{"start":{"line":25,"column":0},"end":{"line":25,"column":null}},"4":{"start":{"line":26,"column":0},"end":{"line":26,"column":null}},"5":{"start":{"line":27,"column":0},"end":{"line":27,"column":null}},"6":{"start":{"line":29,"column":0},"end":{"line":31,"column":null}},"7":{"start":{"line":33,"column":0},"end":{"line":39,"column":null}},"8":{"start":{"line":41,"column":0},"end":{"line":50,"column":null}},"9":{"start":{"line":52,"column":0},"end":{"line":60,"column":null}},"10":{"start":{"line":62,"column":0},"end":{"line":62,"column":null}},"11":{"start":{"line":71,"column":0},"end":{"line":71,"column":null}},"12":{"start":{"line":78,"column":0},"end":{"line":81,"column":null}},"13":{"start":{"line":79,"column":0},"end":{"line":79,"column":null}},"14":{"start":{"line":80,"column":0},"end":{"line":80,"column":null}},"15":{"start":{"line":87,"column":0},"end":{"line":89,"column":null}},"16":{"start":{"line":88,"column":0},"end":{"line":88,"column":null}},"17":{"start":{"line":93,"column":0},"end":{"line":93,"column":null}},"18":{"start":{"line":95,"column":0},"end":{"line":95,"column":null}},"19":{"start":{"line":96,"column":0},"end":{"line":98,"column":null}},"20":{"start":{"line":97,"column":0},"end":{"line":97,"column":null}},"21":{"start":{"line":100,"column":0},"end":{"line":100,"column":null}},"22":{"start":{"line":102,"column":0},"end":{"line":105,"column":null}},"23":{"start":{"line":103,"column":0},"end":{"line":103,"column":null}},"24":{"start":{"line":104,"column":0},"end":{"line":104,"column":null}},"25":{"start":{"line":107,"column":0},"end":{"line":107,"column":null}}},"fnMap":{"0":{"name":"(anonymous_1)","decl":{"start":{"line":62,"column":0},"end":{"line":62,"column":null}},"loc":{"start":{"line":62,"column":0},"end":{"line":62,"column":null}}},"1":{"name":"(anonymous_4)","decl":{"start":{"line":71,"column":0},"end":{"line":71,"column":null}},"loc":{"start":{"line":71,"column":0},"end":{"line":71,"column":null}}},"2":{"name":"(anonymous_5)","decl":{"start":{"line":77,"column":0},"end":{"line":77,"column":null}},"loc":{"start":{"line":77,"column":0},"end":{"line":82,"column":null}}},"3":{"name":"(anonymous_6)","decl":{"start":{"line":78,"column":0},"end":{"line":78,"column":null}},"loc":{"start":{"line":78,"column":0},"end":{"line":81,"column":null}}},"4":{"name":"(anonymous_7)","decl":{"start":{"line":86,"column":0},"end":{"line":86,"column":null}},"loc":{"start":{"line":86,"column":0},"end":{"line":90,"column":null}}},"5":{"name":"(anonymous_8)","decl":{"start":{"line":92,"column":0},"end":{"line":92,"column":null}},"loc":{"start":{"line":92,"column":0},"end":{"line":108,"column":null}}},"6":{"name":"(anonymous_9)","decl":{"start":{"line":102,"column":0},"end":{"line":102,"column":null}},"loc":{"start":{"line":102,"column":0},"end":{"line":105,"column":null}}}},"branchMap":{"0":{"loc":{"start":{"line":87,"column":0},"end":{"line":89,"column":null}},"type":"if","locations":[{"start":{"line":87,"column":0},"end":{"line":89,"column":null}},{"start":{"line":87,"column":0},"end":{"line":89,"column":null}}]},"1":{"loc":{"start":{"line":96,"column":0},"end":{"line":98,"column":null}},"type":"if","locations":[{"start":{"line":96,"column":0},"end":{"line":98,"column":null}},{"start":{"line":96,"column":0},"end":{"line":98,"column":null}}]}},"s":{"0":2,"1":2,"2":2,"3":2,"4":2,"5":2,"6":2,"7":2,"8":2,"9":2,"10":2,"11":5,"12":1,"13":1,"14":1,"15":1,"16":0,"17":0,"18":0,"19":0,"20":0,"21":0,"22":0,"23":0,"24":0,"25":0},"f":{"0":2,"1":1,"2":1,"3":1,"4":1,"5":0,"6":0},"b":{"0":[0,1],"1":[0,0]}}
,"/Volumes/WORK/Project/Test/V7/2048+/frontend/plus2048/src/views/Container.vue": {"path":"/Volumes/WORK/Project/Test/V7/2048+/frontend/plus2048/src/views/Container.vue","statementMap":{"0":{"start":{"line":9,"column":0},"end":{"line":9,"column":null}},"1":{"start":{"line":10,"column":0},"end":{"line":10,"column":null}},"2":{"start":{"line":11,"column":0},"end":{"line":11,"column":null}},"3":{"start":{"line":12,"column":0},"end":{"line":12,"column":null}},"4":{"start":{"line":14,"column":0},"end":{"line":14,"column":null}},"5":{"start":{"line":16,"column":0},"end":{"line":19,"column":null}}},"fnMap":{},"branchMap":{"0":{"loc":{"start":{"line":21,"column":0},"end":{"line":21,"column":null}},"type":"binary-expr","locations":[{"start":{"line":21,"column":0},"end":{"line":21,"column":null}},{"start":{"line":21,"column":0},"end":{"line":21,"column":null}}]}},"s":{"0":1,"1":1,"2":1,"3":1,"4":1,"5":1},"f":{},"b":{"0":[1,0]}}
,"/Volumes/WORK/Project/Test/V7/2048+/frontend/plus2048/src/views/Game.vue": {"path":"/Volumes/WORK/Project/Test/V7/2048+/frontend/plus2048/src/views/Game.vue","statementMap":{"0":{"start":{"line":19,"column":0},"end":{"line":19,"column":null}},"1":{"start":{"line":20,"column":0},"end":{"line":20,"column":null}},"2":{"start":{"line":21,"column":0},"end":{"line":21,"column":null}},"3":{"start":{"line":23,"column":0},"end":{"line":23,"column":null}},"4":{"start":{"line":24,"column":0},"end":{"line":24,"column":null}},"5":{"start":{"line":25,"column":0},"end":{"line":25,"column":null}},"6":{"start":{"line":26,"column":0},"end":{"line":26,"column":null}},"7":{"start":{"line":27,"column":0},"end":{"line":27,"column":null}},"8":{"start":{"line":29,"column":0},"end":{"line":34,"column":null}},"9":{"start":{"line":36,"column":0},"end":{"line":36,"column":null}},"10":{"start":{"line":44,"column":0},"end":{"line":44,"column":null}},"11":{"start":{"line":58,"column":0},"end":{"line":64,"column":null}},"12":{"start":{"line":59,"column":0},"end":{"line":61,"column":null}},"13":{"start":{"line":60,"column":0},"end":{"line":60,"column":null}},"14":{"start":{"line":63,"column":0},"end":{"line":63,"column":null}},"15":{"start":{"line":68,"column":0},"end":{"line":68,"column":null}},"16":{"start":{"line":72,"column":0},"end":{"line":72,"column":null}},"17":{"start":{"line":76,"column":0},"end":{"line":76,"column":null}},"18":{"start":{"line":80,"column":0},"end":{"line":80,"column":null}},"19":{"start":{"line":82,"column":0},"end":{"line":84,"column":null}},"20":{"start":{"line":83,"column":0},"end":{"line":83,"column":null}},"21":{"start":{"line":85,"column":0},"end":{"line":85,"column":null}},"22":{"start":{"line":87,"column":0},"end":{"line":89,"column":null}},"23":{"start":{"line":88,"column":0},"end":{"line":88,"column":null}},"24":{"start":{"line":90,"column":0},"end":{"line":90,"column":null}},"25":{"start":{"line":92,"column":0},"end":{"line":94,"column":null}},"26":{"start":{"line":93,"column":0},"end":{"line":93,"column":null}},"27":{"start":{"line":95,"column":0},"end":{"line":95,"column":null}},"28":{"start":{"line":97,"column":0},"end":{"line":99,"column":null}},"29":{"start":{"line":98,"column":0},"end":{"line":98,"column":null}},"30":{"start":{"line":100,"column":0},"end":{"line":100,"column":null}},"31":{"start":{"line":105,"column":0},"end":{"line":105,"column":null}},"32":{"start":{"line":107,"column":0},"end":{"line":109,"column":null}},"33":{"start":{"line":108,"column":0},"end":{"line":108,"column":null}},"34":{"start":{"line":113,"column":0},"end":{"line":113,"column":null}}},"fnMap":{"0":{"name":"(anonymous_1)","decl":{"start":{"line":36,"column":0},"end":{"line":36,"column":null}},"loc":{"start":{"line":36,"column":0},"end":{"line":36,"column":null}}},"1":{"name":"(anonymous_9)","decl":{"start":{"line":44,"column":0},"end":{"line":44,"column":null}},"loc":{"start":{"line":44,"column":0},"end":{"line":44,"column":null}}},"2":{"name":"(anonymous_10)","decl":{"start":{"line":57,"column":0},"end":{"line":57,"column":null}},"loc":{"start":{"line":57,"column":0},"end":{"line":65,"column":null}}},"3":{"name":"(anonymous_11)","decl":{"start":{"line":59,"column":0},"end":{"line":59,"column":null}},"loc":{"start":{"line":59,"column":0},"end":{"line":61,"column":null}}},"4":{"name":"(anonymous_12)","decl":{"start":{"line":67,"column":0},"end":{"line":67,"column":null}},"loc":{"start":{"line":67,"column":0},"end":{"line":69,"column":null}}},"5":{"name":"(anonymous_13)","decl":{"start":{"line":71,"column":0},"end":{"line":71,"column":null}},"loc":{"start":{"line":71,"column":0},"end":{"line":73,"column":null}}},"6":{"name":"(anonymous_14)","decl":{"start":{"line":75,"column":0},"end":{"line":75,"column":null}},"loc":{"start":{"line":75,"column":0},"end":{"line":77,"column":null}}},"7":{"name":"(anonymous_15)","decl":{"start":{"line":79,"column":0},"end":{"line":79,"column":null}},"loc":{"start":{"line":79,"column":0},"end":{"line":102,"column":null}}},"8":{"name":"(anonymous_16)","decl":{"start":{"line":104,"column":0},"end":{"line":104,"column":null}},"loc":{"start":{"line":104,"column":0},"end":{"line":110,"column":null}}},"9":{"name":"(anonymous_17)","decl":{"start":{"line":112,"column":0},"end":{"line":112,"column":null}},"loc":{"start":{"line":112,"column":0},"end":{"line":114,"column":null}}}},"branchMap":{"0":{"loc":{"start":{"line":58,"column":0},"end":{"line":64,"column":null}},"type":"if","locations":[{"start":{"line":58,"column":0},"end":{"line":64,"column":null}},{"start":{"line":58,"column":0},"end":{"line":64,"column":null}}]},"1":{"loc":{"start":{"line":68,"column":0},"end":{"line":68,"column":null}},"type":"binary-expr","locations":[{"start":{"line":68,"column":0},"end":{"line":68,"column":null}},{"start":{"line":68,"column":0},"end":{"line":68,"column":null}}]},"2":{"loc":{"start":{"line":81,"column":0},"end":{"line":85,"column":null}},"type":"switch","locations":[{"start":{"line":81,"column":0},"end":{"line":85,"column":null}},{"start":{"line":86,"column":0},"end":{"line":90,"column":null}},{"start":{"line":91,"column":0},"end":{"line":95,"column":null}},{"start":{"line":96,"column":0},"end":{"line":100,"column":null}}]},"3":{"loc":{"start":{"line":82,"column":0},"end":{"line":84,"column":null}},"type":"if","locations":[{"start":{"line":82,"column":0},"end":{"line":84,"column":null}},{"start":{"line":82,"column":0},"end":{"line":84,"column":null}}]},"4":{"loc":{"start":{"line":87,"column":0},"end":{"line":89,"column":null}},"type":"if","locations":[{"start":{"line":87,"column":0},"end":{"line":89,"column":null}},{"start":{"line":87,"column":0},"end":{"line":89,"column":null}}]},"5":{"loc":{"start":{"line":92,"column":0},"end":{"line":94,"column":null}},"type":"if","locations":[{"start":{"line":92,"column":0},"end":{"line":94,"column":null}},{"start":{"line":92,"column":0},"end":{"line":94,"column":null}}]},"6":{"loc":{"start":{"line":97,"column":0},"end":{"line":99,"column":null}},"type":"if","locations":[{"start":{"line":97,"column":0},"end":{"line":99,"column":null}},{"start":{"line":97,"column":0},"end":{"line":99,"column":null}}]},"7":{"loc":{"start":{"line":107,"column":0},"end":{"line":109,"column":null}},"type":"if","locations":[{"start":{"line":107,"column":0},"end":{"line":109,"column":null}},{"start":{"line":107,"column":0},"end":{"line":109,"column":null}}]}},"s":{"0":2,"1":2,"2":2,"3":2,"4":2,"5":2,"6":2,"7":2,"8":2,"9":3,"10":10,"11":1,"12":0,"13":0,"14":1,"15":0,"16":0,"17":0,"18":0,"19":0,"20":0,"21":0,"22":0,"23":0,"24":0,"25":0,"26":0,"27":0,"28":0,"29":0,"30":0,"31":1,"32":1,"33":0,"34":0},"f":{"0":3,"1":1,"2":1,"3":0,"4":0,"5":0,"6":0,"7":0,"8":1,"9":0},"b":{"0":[0,1],"1":[0,0],"2":[0,0,0,0],"3":[0,0],"4":[0,0],"5":[0,0],"6":[0,0],"7":[0,1]}}
,"/Volumes/WORK/Project/Test/V7/2048+/frontend/plus2048/src/views/Join.vue": {"path":"/Volumes/WORK/Project/Test/V7/2048+/frontend/plus2048/src/views/Join.vue","statementMap":{"0":{"start":{"line":53,"column":0},"end":{"line":53,"column":null}},"1":{"start":{"line":54,"column":0},"end":{"line":54,"column":null}},"2":{"start":{"line":57,"column":0},"end":{"line":57,"column":null}},"3":{"start":{"line":61,"column":0},"end":{"line":61,"column":null}},"4":{"start":{"line":62,"column":0},"end":{"line":62,"column":null}}},"fnMap":{"0":{"name":"(anonymous_1)","decl":{"start":{"line":57,"column":0},"end":{"line":57,"column":null}},"loc":{"start":{"line":57,"column":0},"end":{"line":57,"column":null}}},"1":{"name":"(anonymous_2)","decl":{"start":{"line":60,"column":0},"end":{"line":60,"column":null}},"loc":{"start":{"line":60,"column":0},"end":{"line":63,"column":null}}}},"branchMap":{"0":{"loc":{"start":{"line":57,"column":0},"end":{"line":57,"column":null}},"type":"binary-expr","locations":[{"start":{"line":57,"column":0},"end":{"line":57,"column":null}}]}},"s":{"0":1,"1":1,"2":2,"3":0,"4":0},"f":{"0":1,"1":0},"b":{"0":[0]}}
}
