TN:
SF:/Volumes/WORK/Project/Test/V7/2048+/frontend/plus2048/src/assets/bricks.jpg
FNF:0
FNH:0
DA:1,4
LF:1
LH:1
BRF:0
BRH:0
end_of_record
TN:
SF:/Volumes/WORK/Project/Test/V7/2048+/frontend/plus2048/src/components/Board.vue
FN:36,(anonymous_1)
FN:44,(anonymous_3)
FN:48,(anonymous_4)
FNF:3
FNH:3
FNDA:2,(anonymous_1)
FNDA:1,(anonymous_3)
FNDA:1,(anonymous_4)
DA:17,3
DA:18,3
DA:19,3
DA:21,3
DA:22,3
DA:23,3
DA:24,3
DA:26,3
DA:36,2
DA:44,3
DA:49,1
DA:50,1
DA:51,6
DA:52,6
DA:53,36
DA:54,15
DA:62,1
LF:17
LH:17
BRDA:53,0,0,15
BRDA:53,0,1,21
BRF:2
BRH:2
end_of_record
TN:
SF:/Volumes/WORK/Project/Test/V7/2048+/frontend/plus2048/src/components/Button.vue
FN:57,(anonymous_1)
FNF:1
FNH:1
FNDA:2,(anonymous_1)
DA:8,5
DA:9,5
DA:10,5
DA:12,5
DA:57,4
LF:5
LH:5
BRF:0
BRH:0
end_of_record
TN:
SF:/Volumes/WORK/Project/Test/V7/2048+/frontend/plus2048/src/components/Cell.vue
FNF:0
FNH:0
DA:6,4
DA:7,4
DA:8,4
DA:10,4
LF:4
LH:4
BRDA:25,0,0,4
BRDA:25,0,1,0
BRF:2
BRH:1
end_of_record
TN:
SF:/Volumes/WORK/Project/Test/V7/2048+/frontend/plus2048/src/components/GameMessage.vue
FN:49,(anonymous_1)
FN:51,(anonymous_2)
FNF:2
FNH:1
FNDA:1,(anonymous_1)
FNDA:0,(anonymous_2)
DA:11,4
DA:12,4
DA:13,4
DA:14,4
DA:16,4
DA:49,2
DA:52,0
LF:7
LH:6
BRF:0
BRH:0
end_of_record
TN:
SF:/Volumes/WORK/Project/Test/V7/2048+/frontend/plus2048/src/components/Message.vue
FN:30,(anonymous_1)
FN:35,(anonymous_2)
FN:49,(anonymous_3)
FN:56,(anonymous_4)
FNF:4
FNH:1
FNDA:0,(anonymous_1)
FNDA:0,(anonymous_2)
FNDA:0,(anonymous_3)
FNDA:1,(anonymous_4)
DA:20,3
DA:21,3
DA:22,3
DA:23,3
DA:25,3
DA:29,3
DA:30,0
DA:33,3
DA:35,0
DA:45,3
DA:49,0
DA:56,3
LF:12
LH:9
BRDA:30,0,0,0
BRDA:30,0,1,0
BRDA:35,1,0,0
BRDA:35,1,1,0
BRF:4
BRH:0
end_of_record
TN:
SF:/Volumes/WORK/Project/Test/V7/2048+/frontend/plus2048/src/components/Score.vue
FNF:0
FNH:0
DA:8,3
DA:9,3
DA:10,3
DA:12,3
LF:4
LH:4
BRDA:42,0,0,3
BRDA:42,0,1,0
BRF:2
BRH:1
end_of_record
TN:
SF:/Volumes/WORK/Project/Test/V7/2048+/frontend/plus2048/src/components/Tile.vue
FN:14,(anonymous_1)
FN:68,(anonymous_2)
FN:69,(anonymous_3)
FN:70,(anonymous_4)
FN:77,(anonymous_5)
FNF:5
FNH:1
FNDA:0,(anonymous_1)
FNDA:0,(anonymous_2)
FNDA:0,(anonymous_3)
FNDA:0,(anonymous_4)
FNDA:1,(anonymous_5)
DA:8,4
DA:9,4
DA:10,4
DA:12,4
DA:14,4
DA:15,0
DA:17,0
DA:19,0
DA:21,0
DA:23,0
DA:25,0
DA:27,0
DA:29,0
DA:31,0
DA:33,0
DA:35,0
DA:37,0
DA:39,0
DA:41,0
DA:43,0
DA:45,0
DA:49,4
DA:52,4
DA:68,0
DA:69,0
DA:70,0
DA:77,2
LF:27
LH:8
BRDA:16,0,0,0
BRDA:16,0,1,0
BRDA:16,0,2,0
BRDA:16,0,3,0
BRDA:16,0,4,0
BRDA:16,0,5,0
BRDA:16,0,6,0
BRDA:16,0,7,0
BRDA:16,0,8,0
BRDA:16,0,9,0
BRDA:16,0,10,0
BRDA:16,0,11,0
BRDA:16,0,12,0
BRDA:16,0,13,0
BRDA:16,0,14,0
BRF:15
BRH:0
end_of_record
TN:
SF:/Volumes/WORK/Project/Test/V7/2048+/frontend/plus2048/src/util/contants.js
FNF:0
FNH:0
DA:1,3
DA:6,3
DA:13,3
LF:3
LH:3
BRF:0
BRH:0
end_of_record
TN:
SF:/Volumes/WORK/Project/Test/V7/2048+/frontend/plus2048/src/views/Chat.vue
FN:62,(anonymous_1)
FN:71,(anonymous_4)
FN:77,(anonymous_5)
FN:78,(anonymous_6)
FN:86,(anonymous_7)
FN:92,(anonymous_8)
FN:102,(anonymous_9)
FNF:7
FNH:5
FNDA:2,(anonymous_1)
FNDA:1,(anonymous_4)
FNDA:1,(anonymous_5)
FNDA:1,(anonymous_6)
FNDA:1,(anonymous_7)
FNDA:0,(anonymous_8)
FNDA:0,(anonymous_9)
DA:22,2
DA:23,2
DA:24,2
DA:25,2
DA:26,2
DA:27,2
DA:29,2
DA:33,2
DA:41,2
DA:52,2
DA:62,2
DA:71,5
DA:78,1
DA:79,1
DA:80,1
DA:87,1
DA:88,0
DA:93,0
DA:95,0
DA:96,0
DA:97,0
DA:100,0
DA:102,0
DA:103,0
DA:104,0
DA:107,0
LF:26
LH:16
BRDA:87,0,0,0
BRDA:87,0,1,1
BRDA:96,1,0,0
BRDA:96,1,1,0
BRF:4
BRH:1
end_of_record
TN:
SF:/Volumes/WORK/Project/Test/V7/2048+/frontend/plus2048/src/views/Container.vue
FNF:0
FNH:0
DA:9,1
DA:10,1
DA:11,1
DA:12,1
DA:14,1
DA:16,1
LF:6
LH:6
BRDA:21,0,0,1
BRDA:21,0,1,0
BRF:2
BRH:1
end_of_record
TN:
SF:/Volumes/WORK/Project/Test/V7/2048+/frontend/plus2048/src/views/Game.vue
FN:36,(anonymous_1)
FN:44,(anonymous_9)
FN:57,(anonymous_10)
FN:59,(anonymous_11)
FN:67,(anonymous_12)
FN:71,(anonymous_13)
FN:75,(anonymous_14)
FN:79,(anonymous_15)
FN:104,(anonymous_16)
FN:112,(anonymous_17)
FNF:10
FNH:4
FNDA:3,(anonymous_1)
FNDA:1,(anonymous_9)
FNDA:1,(anonymous_10)
FNDA:0,(anonymous_11)
FNDA:0,(anonymous_12)
FNDA:0,(anonymous_13)
FNDA:0,(anonymous_14)
FNDA:0,(anonymous_15)
FNDA:1,(anonymous_16)
FNDA:0,(anonymous_17)
DA:19,2
DA:20,2
DA:21,2
DA:23,2
DA:24,2
DA:25,2
DA:26,2
DA:27,2
DA:29,2
DA:36,3
DA:44,10
DA:58,1
DA:59,0
DA:60,0
DA:63,1
DA:68,0
DA:72,0
DA:76,0
DA:80,0
DA:82,0
DA:83,0
DA:85,0
DA:87,0
DA:88,0
DA:90,0
DA:92,0
DA:93,0
DA:95,0
DA:97,0
DA:98,0
DA:100,0
DA:105,1
DA:107,1
DA:108,0
DA:113,0
LF:35
LH:15
BRDA:58,0,0,0
BRDA:58,0,1,1
BRDA:68,1,0,0
BRDA:68,1,1,0
BRDA:81,2,0,0
BRDA:81,2,1,0
BRDA:81,2,2,0
BRDA:81,2,3,0
BRDA:82,3,0,0
BRDA:82,3,1,0
BRDA:87,4,0,0
BRDA:87,4,1,0
BRDA:92,5,0,0
BRDA:92,5,1,0
BRDA:97,6,0,0
BRDA:97,6,1,0
BRDA:107,7,0,0
BRDA:107,7,1,1
BRF:18
BRH:2
end_of_record
TN:
SF:/Volumes/WORK/Project/Test/V7/2048+/frontend/plus2048/src/views/Join.vue
FN:57,(anonymous_1)
FN:60,(anonymous_2)
FNF:2
FNH:1
FNDA:1,(anonymous_1)
FNDA:0,(anonymous_2)
DA:53,1
DA:54,1
DA:57,2
DA:61,0
DA:62,0
LF:5
LH:3
BRDA:57,0,0,0
BRF:1
BRH:0
end_of_record
